<?xml version="1.0" encoding="UTF-8"?>
<testng-results ignored="0" total="0" passed="0" failed="0" skipped="0">
  <reporter-output>
  </reporter-output>
  <suite started-at="2023-07-17T20:41:01 MSK" name="task_two.TestMethodInfo" finished-at="2023-07-17T20:41:01 MSK" duration-ms="18">
    <groups>
    </groups>
    <test started-at="2023-07-17T20:41:01 MSK" name="Command line test" finished-at="2023-07-17T20:41:01 MSK" duration-ms="18">
    </test> <!-- Command line test -->
  </suite> <!-- task_two.TestMethodInfo -->
</testng-results>
